{
  "2f7d7fb294a4e66f0c767fe0eb06608a" : {
    "statistic" : {
      "failed" : 0,
      "broken" : 1,
      "skipped" : 0,
      "passed" : 0,
      "unknown" : 0,
      "total" : 1
    },
    "items" : [ {
      "uid" : "b0fd7d1302df01a6",
      "status" : "broken",
      "statusDetails" : "AttributeError: module pytest has no attribute assume",
      "time" : {
        "start" : 1652186462716,
        "stop" : 1652186462894,
        "duration" : 178
      }
    } ]
  },
  "216ab92fef6042058cd31339f92ff250" : {
    "statistic" : {
      "failed" : 0,
      "broken" : 1,
      "skipped" : 0,
      "passed" : 0,
      "unknown" : 0,
      "total" : 1
    },
    "items" : [ {
      "uid" : "6018fd9e339b5719",
      "status" : "broken",
      "statusDetails" : "AttributeError: module pytest has no attribute assume",
      "time" : {
        "start" : 1652186463498,
        "stop" : 1652186463686,
        "duration" : 188
      }
    } ]
  },
  "fad521720fcb6333ac8f193c8667e1e8" : {
    "statistic" : {
      "failed" : 1,
      "broken" : 0,
      "skipped" : 0,
      "passed" : 0,
      "unknown" : 0,
      "total" : 1
    },
    "items" : [ {
      "uid" : "bf5eb0d1a65376df",
      "status" : "failed",
      "statusDetails" : "AssertionError: assert 400 == 500",
      "time" : {
        "start" : 1652186464274,
        "stop" : 1652186464481,
        "duration" : 207
      }
    } ]
  },
  "5cc354eab26c346482df477398748e74" : {
    "statistic" : {
      "failed" : 0,
      "broken" : 1,
      "skipped" : 0,
      "passed" : 0,
      "unknown" : 0,
      "total" : 1
    },
    "items" : [ {
      "uid" : "1e8aad7deab5f822",
      "status" : "broken",
      "statusDetails" : "AttributeError: module pytest has no attribute assume",
      "time" : {
        "start" : 1652186462916,
        "stop" : 1652186463093,
        "duration" : 177
      }
    } ]
  },
  "c8c6348041b0d7c42ae555c5c357781e" : {
    "statistic" : {
      "failed" : 0,
      "broken" : 1,
      "skipped" : 0,
      "passed" : 0,
      "unknown" : 0,
      "total" : 1
    },
    "items" : [ {
      "uid" : "2bf56f52863db710",
      "status" : "broken",
      "statusDetails" : "AttributeError: module pytest has no attribute assume",
      "time" : {
        "start" : 1652186464495,
        "stop" : 1652186464661,
        "duration" : 166
      }
    } ]
  },
  "bef811943a2f7129d89ddded5dd7fdb9" : {
    "statistic" : {
      "failed" : 0,
      "broken" : 1,
      "skipped" : 0,
      "passed" : 0,
      "unknown" : 0,
      "total" : 1
    },
    "items" : [ {
      "uid" : "c5e0f4e761099527",
      "status" : "broken",
      "statusDetails" : "AttributeError: module pytest has no attribute assume",
      "time" : {
        "start" : 1652186464673,
        "stop" : 1652186464892,
        "duration" : 219
      }
    } ]
  },
  "3203439250cb9ae59c8c73af355a82ed" : {
    "statistic" : {
      "failed" : 1,
      "broken" : 0,
      "skipped" : 0,
      "passed" : 0,
      "unknown" : 0,
      "total" : 1
    },
    "items" : [ {
      "uid" : "16f9fcfeb7a39de5",
      "status" : "failed",
      "statusDetails" : "AssertionError: assert 200 == 500",
      "time" : {
        "start" : 1652186462166,
        "stop" : 1652186462371,
        "duration" : 205
      }
    } ]
  },
  "d4d859d0e53b3657b62956cca297c31c" : {
    "statistic" : {
      "failed" : 0,
      "broken" : 1,
      "skipped" : 0,
      "passed" : 0,
      "unknown" : 0,
      "total" : 1
    },
    "items" : [ {
      "uid" : "d508bb5a63f9fdfd",
      "status" : "broken",
      "statusDetails" : "AttributeError: module pytest has no attribute assume",
      "time" : {
        "start" : 1652186463101,
        "stop" : 1652186463309,
        "duration" : 208
      }
    } ]
  },
  "b9634364f48dff69058be639afb37369" : {
    "statistic" : {
      "failed" : 1,
      "broken" : 0,
      "skipped" : 0,
      "passed" : 0,
      "unknown" : 0,
      "total" : 1
    },
    "items" : [ {
      "uid" : "7633426eaaba41c",
      "status" : "failed",
      "statusDetails" : "AssertionError: assert 400 == 500",
      "time" : {
        "start" : 1652186464089,
        "stop" : 1652186464249,
        "duration" : 160
      }
    } ]
  },
  "a3f15aeb688458a163dd26dfa8a27b5a" : {
    "statistic" : {
      "failed" : 0,
      "broken" : 0,
      "skipped" : 0,
      "passed" : 1,
      "unknown" : 0,
      "total" : 1
    },
    "items" : [ {
      "uid" : "1cd19687be36c397",
      "status" : "passed",
      "time" : {
        "start" : 1652186463712,
        "stop" : 1652186463887,
        "duration" : 175
      }
    } ]
  },
  "0b31df1fb0ff9201a153c3cc6539449c" : {
    "statistic" : {
      "failed" : 1,
      "broken" : 0,
      "skipped" : 0,
      "passed" : 0,
      "unknown" : 0,
      "total" : 1
    },
    "items" : [ {
      "uid" : "23ef2a425b86b8c",
      "status" : "failed",
      "statusDetails" : "AssertionError: assert 400 == 500",
      "time" : {
        "start" : 1652186463902,
        "stop" : 1652186464079,
        "duration" : 177
      }
    } ]
  },
  "d7dde698d6571e7b1335b2250302251a" : {
    "statistic" : {
      "failed" : 0,
      "broken" : 1,
      "skipped" : 0,
      "passed" : 0,
      "unknown" : 0,
      "total" : 1
    },
    "items" : [ {
      "uid" : "f8c99c143fa8df64",
      "status" : "broken",
      "statusDetails" : "AttributeError: module pytest has no attribute assume",
      "time" : {
        "start" : 1652186463321,
        "stop" : 1652186463484,
        "duration" : 163
      }
    } ]
  },
  "47c731b37ff8957619e6b289982ae8a0" : {
    "statistic" : {
      "failed" : 0,
      "broken" : 1,
      "skipped" : 0,
      "passed" : 0,
      "unknown" : 0,
      "total" : 1
    },
    "items" : [ {
      "uid" : "8b691bbd191a246e",
      "status" : "broken",
      "statusDetails" : "AttributeError: module pytest has no attribute assume",
      "time" : {
        "start" : 1652186462491,
        "stop" : 1652186462687,
        "duration" : 196
      }
    } ]
  },
  "fe9438fd1732d132fbd823bfe13f495d" : {
    "statistic" : {
      "failed" : 0,
      "broken" : 1,
      "skipped" : 0,
      "passed" : 0,
      "unknown" : 0,
      "total" : 1
    },
    "items" : [ {
      "uid" : "8e8142fa73f80395",
      "status" : "broken",
      "statusDetails" : "AttributeError: module pytest has no attribute assume",
      "time" : {
        "start" : 1652186465083,
        "stop" : 1652186465258,
        "duration" : 175
      }
    } ]
  },
  "fa21a8fb71b1d78b6d99fffa5278c161" : {
    "statistic" : {
      "failed" : 0,
      "broken" : 1,
      "skipped" : 0,
      "passed" : 0,
      "unknown" : 0,
      "total" : 1
    },
    "items" : [ {
      "uid" : "55be8d5025ff13bf",
      "status" : "broken",
      "statusDetails" : "AttributeError: module pytest has no attribute assume",
      "time" : {
        "start" : 1652186464904,
        "stop" : 1652186465072,
        "duration" : 168
      }
    } ]
  }
}